Determining if the inotify_init exist failed with the following output:
Change Dir: /Users/macbook/.emacs.d/rtags-2.14/CMakeFiles/CMakeTmp

Run Build Command:"/usr/bin/make" "cmTC_8004e/fast"
/Applications/Xcode.app/Contents/Developer/usr/bin/make -f CMakeFiles/cmTC_8004e.dir/build.make CMakeFiles/cmTC_8004e.dir/build
Building CXX object CMakeFiles/cmTC_8004e.dir/CheckSymbolExists.cxx.o
/Applications/Xcode.app/Contents/Developer/Toolchains/XcodeDefault.xctoolchain/usr/bin/c++    -I/usr/local/Cellar/llvm/6.0.0/include -D__STDC_CONSTANT_MACROS -D__STDC_FORMAT_MACROS -D__STDC_LIMIT_MACROS -Wall -Wextra -Wpointer-arith -Wnon-virtual-dtor -Wshadow -Wformat -std=c++11 -stdlib=libc++    -o CMakeFiles/cmTC_8004e.dir/CheckSymbolExists.cxx.o -c /Users/macbook/.emacs.d/rtags-2.14/CMakeFiles/CMakeTmp/CheckSymbolExists.cxx
/Users/macbook/.emacs.d/rtags-2.14/CMakeFiles/CMakeTmp/CheckSymbolExists.cxx:2:10: fatal error: 'sys/inotify.h' file not found
#include <sys/inotify.h>
         ^~~~~~~~~~~~~~~
1 error generated.
make[1]: *** [CMakeFiles/cmTC_8004e.dir/CheckSymbolExists.cxx.o] Error 1
make: *** [cmTC_8004e/fast] Error 2

File /Users/macbook/.emacs.d/rtags-2.14/CMakeFiles/CMakeTmp/CheckSymbolExists.cxx:
/* */
#include <sys/inotify.h>

int main(int argc, char** argv)
{
  (void)argv;
#ifndef inotify_init
  return ((int*)(&inotify_init))[argc];
#else
  (void)argc;
  return 0;
#endif
}

Determining if the epoll_wait exist failed with the following output:
Change Dir: /Users/macbook/.emacs.d/rtags-2.14/CMakeFiles/CMakeTmp

Run Build Command:"/usr/bin/make" "cmTC_76aed/fast"
/Applications/Xcode.app/Contents/Developer/usr/bin/make -f CMakeFiles/cmTC_76aed.dir/build.make CMakeFiles/cmTC_76aed.dir/build
Building CXX object CMakeFiles/cmTC_76aed.dir/CheckSymbolExists.cxx.o
/Applications/Xcode.app/Contents/Developer/Toolchains/XcodeDefault.xctoolchain/usr/bin/c++    -I/usr/local/Cellar/llvm/6.0.0/include -D__STDC_CONSTANT_MACROS -D__STDC_FORMAT_MACROS -D__STDC_LIMIT_MACROS -Wall -Wextra -Wpointer-arith -Wnon-virtual-dtor -Wshadow -Wformat -std=c++11 -stdlib=libc++    -o CMakeFiles/cmTC_76aed.dir/CheckSymbolExists.cxx.o -c /Users/macbook/.emacs.d/rtags-2.14/CMakeFiles/CMakeTmp/CheckSymbolExists.cxx
/Users/macbook/.emacs.d/rtags-2.14/CMakeFiles/CMakeTmp/CheckSymbolExists.cxx:2:10: fatal error: 'sys/epoll.h' file not found
#include <sys/epoll.h>
         ^~~~~~~~~~~~~
1 error generated.
make[1]: *** [CMakeFiles/cmTC_76aed.dir/CheckSymbolExists.cxx.o] Error 1
make: *** [cmTC_76aed/fast] Error 2

File /Users/macbook/.emacs.d/rtags-2.14/CMakeFiles/CMakeTmp/CheckSymbolExists.cxx:
/* */
#include <sys/epoll.h>

int main(int argc, char** argv)
{
  (void)argv;
#ifndef epoll_wait
  return ((int*)(&epoll_wait))[argc];
#else
  (void)argc;
  return 0;
#endif
}

Determining if the MSG_NOSIGNAL exist failed with the following output:
Change Dir: /Users/macbook/.emacs.d/rtags-2.14/CMakeFiles/CMakeTmp

Run Build Command:"/usr/bin/make" "cmTC_3771c/fast"
/Applications/Xcode.app/Contents/Developer/usr/bin/make -f CMakeFiles/cmTC_3771c.dir/build.make CMakeFiles/cmTC_3771c.dir/build
Building CXX object CMakeFiles/cmTC_3771c.dir/CheckSymbolExists.cxx.o
/Applications/Xcode.app/Contents/Developer/Toolchains/XcodeDefault.xctoolchain/usr/bin/c++    -I/usr/local/Cellar/llvm/6.0.0/include -D__STDC_CONSTANT_MACROS -D__STDC_FORMAT_MACROS -D__STDC_LIMIT_MACROS -Wall -Wextra -Wpointer-arith -Wnon-virtual-dtor -Wshadow -Wformat -std=c++11 -stdlib=libc++    -o CMakeFiles/cmTC_3771c.dir/CheckSymbolExists.cxx.o -c /Users/macbook/.emacs.d/rtags-2.14/CMakeFiles/CMakeTmp/CheckSymbolExists.cxx
/Users/macbook/.emacs.d/rtags-2.14/CMakeFiles/CMakeTmp/CheckSymbolExists.cxx:9:19: error: use of undeclared identifier 'MSG_NOSIGNAL'
  return ((int*)(&MSG_NOSIGNAL))[argc];
                  ^
1 error generated.
make[1]: *** [CMakeFiles/cmTC_3771c.dir/CheckSymbolExists.cxx.o] Error 1
make: *** [cmTC_3771c/fast] Error 2

File /Users/macbook/.emacs.d/rtags-2.14/CMakeFiles/CMakeTmp/CheckSymbolExists.cxx:
/* */
#include <sys/types.h>
#include <sys/socket.h>

int main(int argc, char** argv)
{
  (void)argv;
#ifndef MSG_NOSIGNAL
  return ((int*)(&MSG_NOSIGNAL))[argc];
#else
  (void)argc;
  return 0;
#endif
}

Determining if the GetLogicalProcessorInformation exist failed with the following output:
Change Dir: /Users/macbook/.emacs.d/rtags-2.14/CMakeFiles/CMakeTmp

Run Build Command:"/usr/bin/make" "cmTC_b9759/fast"
/Applications/Xcode.app/Contents/Developer/usr/bin/make -f CMakeFiles/cmTC_b9759.dir/build.make CMakeFiles/cmTC_b9759.dir/build
Building CXX object CMakeFiles/cmTC_b9759.dir/CheckSymbolExists.cxx.o
/Applications/Xcode.app/Contents/Developer/Toolchains/XcodeDefault.xctoolchain/usr/bin/c++    -I/usr/local/Cellar/llvm/6.0.0/include -D__STDC_CONSTANT_MACROS -D__STDC_FORMAT_MACROS -D__STDC_LIMIT_MACROS -Wall -Wextra -Wpointer-arith -Wnon-virtual-dtor -Wshadow -Wformat -std=c++11 -stdlib=libc++    -o CMakeFiles/cmTC_b9759.dir/CheckSymbolExists.cxx.o -c /Users/macbook/.emacs.d/rtags-2.14/CMakeFiles/CMakeTmp/CheckSymbolExists.cxx
/Users/macbook/.emacs.d/rtags-2.14/CMakeFiles/CMakeTmp/CheckSymbolExists.cxx:2:10: fatal error: 'windows.h' file not found
#include <windows.h>
         ^~~~~~~~~~~
1 error generated.
make[1]: *** [CMakeFiles/cmTC_b9759.dir/CheckSymbolExists.cxx.o] Error 1
make: *** [cmTC_b9759/fast] Error 2

File /Users/macbook/.emacs.d/rtags-2.14/CMakeFiles/CMakeTmp/CheckSymbolExists.cxx:
/* */
#include <windows.h>

int main(int argc, char** argv)
{
  (void)argv;
#ifndef GetLogicalProcessorInformation
  return ((int*)(&GetLogicalProcessorInformation))[argc];
#else
  (void)argc;
  return 0;
#endif
}

Determining if the SCHED_IDLE exist failed with the following output:
Change Dir: /Users/macbook/.emacs.d/rtags-2.14/CMakeFiles/CMakeTmp

Run Build Command:"/usr/bin/make" "cmTC_de7e3/fast"
/Applications/Xcode.app/Contents/Developer/usr/bin/make -f CMakeFiles/cmTC_de7e3.dir/build.make CMakeFiles/cmTC_de7e3.dir/build
Building CXX object CMakeFiles/cmTC_de7e3.dir/CheckSymbolExists.cxx.o
/Applications/Xcode.app/Contents/Developer/Toolchains/XcodeDefault.xctoolchain/usr/bin/c++    -I/usr/local/Cellar/llvm/6.0.0/include -D__STDC_CONSTANT_MACROS -D__STDC_FORMAT_MACROS -D__STDC_LIMIT_MACROS -Wall -Wextra -Wpointer-arith -Wnon-virtual-dtor -Wshadow -Wformat -std=c++11 -stdlib=libc++    -o CMakeFiles/cmTC_de7e3.dir/CheckSymbolExists.cxx.o -c /Users/macbook/.emacs.d/rtags-2.14/CMakeFiles/CMakeTmp/CheckSymbolExists.cxx
/Users/macbook/.emacs.d/rtags-2.14/CMakeFiles/CMakeTmp/CheckSymbolExists.cxx:8:19: error: use of undeclared identifier 'SCHED_IDLE'
  return ((int*)(&SCHED_IDLE))[argc];
                  ^
1 error generated.
make[1]: *** [CMakeFiles/cmTC_de7e3.dir/CheckSymbolExists.cxx.o] Error 1
make: *** [cmTC_de7e3/fast] Error 2

File /Users/macbook/.emacs.d/rtags-2.14/CMakeFiles/CMakeTmp/CheckSymbolExists.cxx:
/* */
#include <pthread.h>

int main(int argc, char** argv)
{
  (void)argv;
#ifndef SCHED_IDLE
  return ((int*)(&SCHED_IDLE))[argc];
#else
  (void)argc;
  return 0;
#endif
}

Determining if the SHM_DEST exist failed with the following output:
Change Dir: /Users/macbook/.emacs.d/rtags-2.14/CMakeFiles/CMakeTmp

Run Build Command:"/usr/bin/make" "cmTC_81687/fast"
/Applications/Xcode.app/Contents/Developer/usr/bin/make -f CMakeFiles/cmTC_81687.dir/build.make CMakeFiles/cmTC_81687.dir/build
Building CXX object CMakeFiles/cmTC_81687.dir/CheckSymbolExists.cxx.o
/Applications/Xcode.app/Contents/Developer/Toolchains/XcodeDefault.xctoolchain/usr/bin/c++    -I/usr/local/Cellar/llvm/6.0.0/include -D__STDC_CONSTANT_MACROS -D__STDC_FORMAT_MACROS -D__STDC_LIMIT_MACROS -Wall -Wextra -Wpointer-arith -Wnon-virtual-dtor -Wshadow -Wformat -std=c++11 -stdlib=libc++    -o CMakeFiles/cmTC_81687.dir/CheckSymbolExists.cxx.o -c /Users/macbook/.emacs.d/rtags-2.14/CMakeFiles/CMakeTmp/CheckSymbolExists.cxx
/Users/macbook/.emacs.d/rtags-2.14/CMakeFiles/CMakeTmp/CheckSymbolExists.cxx:10:19: error: use of undeclared identifier 'SHM_DEST'
  return ((int*)(&SHM_DEST))[argc];
                  ^
1 error generated.
make[1]: *** [CMakeFiles/cmTC_81687.dir/CheckSymbolExists.cxx.o] Error 1
make: *** [cmTC_81687/fast] Error 2

File /Users/macbook/.emacs.d/rtags-2.14/CMakeFiles/CMakeTmp/CheckSymbolExists.cxx:
/* */
#include <sys/types.h>
#include <sys/ipc.h>
#include <sys/shm.h>

int main(int argc, char** argv)
{
  (void)argv;
#ifndef SHM_DEST
  return ((int*)(&SHM_DEST))[argc];
#else
  (void)argc;
  return 0;
#endif
}

Performing C++ SOURCE FILE Test HAVE_STATMTIM failed with the following output:
Change Dir: /Users/macbook/.emacs.d/rtags-2.14/CMakeFiles/CMakeTmp

Run Build Command:"/usr/bin/make" "cmTC_b39af/fast"
/Applications/Xcode.app/Contents/Developer/usr/bin/make -f CMakeFiles/cmTC_b39af.dir/build.make CMakeFiles/cmTC_b39af.dir/build
Building CXX object CMakeFiles/cmTC_b39af.dir/src.cxx.o
/Applications/Xcode.app/Contents/Developer/Toolchains/XcodeDefault.xctoolchain/usr/bin/c++    -I/usr/local/Cellar/llvm/6.0.0/include -D__STDC_CONSTANT_MACROS -D__STDC_FORMAT_MACROS -D__STDC_LIMIT_MACROS -Wall -Wextra -Wpointer-arith -Wnon-virtual-dtor -Wshadow -Wformat -std=c++11 -stdlib=libc++ -DHAVE_STATMTIM   -o CMakeFiles/cmTC_b39af.dir/src.cxx.o -c /Users/macbook/.emacs.d/rtags-2.14/CMakeFiles/CMakeTmp/src.cxx
/Users/macbook/.emacs.d/rtags-2.14/CMakeFiles/CMakeTmp/src.cxx:6:17: error: no member named 'st_mtim' in 'stat'
      return st.st_mtim.tv_sec;
             ~~ ^
1 error generated.
make[1]: *** [CMakeFiles/cmTC_b39af.dir/src.cxx.o] Error 1
make: *** [cmTC_b39af/fast] Error 2

Source file was:

  #include <sys/types.h>
  #include <sys/stat.h>
  int main(int, char**) {
      struct stat st;
      return st.st_mtim.tv_sec;
  }
